<?xml version="1.0" encoding="UTF-8"?>
<testsuite name="com.syncthing.android.data.repository.SyncthingRepositoryTest" tests="16" skipped="0" failures="0" errors="0" timestamp="2025-09-03T02:35:37" hostname="DESKTOP-O0BM6A2" time="1.483">
  <properties/>
  <testcase name="should fetch config devices from api" classname="com.syncthing.android.data.repository.SyncthingRepositoryTest" time="1.423"/>
  <testcase name="should fetch system status from api" classname="com.syncthing.android.data.repository.SyncthingRepositoryTest" time="0.004"/>
  <testcase name="should fetch device stats from api" classname="com.syncthing.android.data.repository.SyncthingRepositoryTest" time="0.004"/>
  <testcase name="should fetch folder status from api" classname="com.syncthing.android.data.repository.SyncthingRepositoryTest" time="0.003"/>
  <testcase name="should fetch events from api" classname="com.syncthing.android.data.repository.SyncthingRepositoryTest" time="0.002"/>
  <testcase name="should call shutdown api" classname="com.syncthing.android.data.repository.SyncthingRepositoryTest" time="0.008"/>
  <testcase name="should update config from api" classname="com.syncthing.android.data.repository.SyncthingRepositoryTest" time="0.006"/>
  <testcase name="should fetch config options from api" classname="com.syncthing.android.data.repository.SyncthingRepositoryTest" time="0.003"/>
  <testcase name="should fetch config folders from api" classname="com.syncthing.android.data.repository.SyncthingRepositoryTest" time="0.003"/>
  <testcase name="should fetch folder need from api" classname="com.syncthing.android.data.repository.SyncthingRepositoryTest" time="0.004"/>
  <testcase name="should fetch connections from api" classname="com.syncthing.android.data.repository.SyncthingRepositoryTest" time="0.003"/>
  <testcase name="should update config options from api" classname="com.syncthing.android.data.repository.SyncthingRepositoryTest" time="0.004"/>
  <testcase name="should fetch folder stats from api" classname="com.syncthing.android.data.repository.SyncthingRepositoryTest" time="0.004"/>
  <testcase name="should browse folder from api" classname="com.syncthing.android.data.repository.SyncthingRepositoryTest" time="0.003"/>
  <testcase name="should fetch config from api" classname="com.syncthing.android.data.repository.SyncthingRepositoryTest" time="0.003"/>
  <testcase name="should call restart api" classname="com.syncthing.android.data.repository.SyncthingRepositoryTest" time="0.004"/>
  <system-out><![CDATA[]]></system-out>
  <system-err><![CDATA[WARNING: A Java agent has been loaded dynamically (C:\Users\Admin\.gradle\caches\transforms-4\b191f9f90ad6156f8078da1061914c66\transformed\jetified-byte-buddy-agent-1.14.5.jar)
WARNING: If a serviceability tool is in use, please run with -XX:+EnableDynamicAgentLoading to hide this warning
WARNING: If a serviceability tool is not in use, please run with -Djdk.instrument.traceUsage for more information
WARNING: Dynamic loading of agents will be disallowed by default in a future release
]]></system-err>
</testsuite>
