<?xml version="1.0" encoding="UTF-8"?>
<testsuite name="com.syncthing.android.viewmodel.MainViewModelTest" tests="2" skipped="0" failures="0" errors="0" timestamp="2025-09-09T17:00:08.875Z" hostname="ERROR" time="1.681">
  <properties/>
  <testcase name="shouldUpdateSystemStatusWhenFetched" classname="com.syncthing.android.viewmodel.MainViewModelTest" time="1.672"/>
  <testcase name="shouldInitializeWithNullSystemStatus" classname="com.syncthing.android.viewmodel.MainViewModelTest" time="0.008"/>
  <system-out><![CDATA[]]></system-out>
  <system-err><![CDATA[]]></system-err>
</testsuite>
