<?xml version="1.0" encoding="UTF-8"?>
<testsuite name="com.syncthing.android.data.repository.SyncthingRepositoryTest" tests="1" skipped="0" failures="0" errors="0" timestamp="2025-09-09T17:00:05.060Z" hostname="ERROR" time="3.783">
  <properties/>
  <testcase name="shouldFetchSystemStatusFromApi" classname="com.syncthing.android.data.repository.SyncthingRepositoryTest" time="3.783"/>
  <system-out><![CDATA[]]></system-out>
  <system-err><![CDATA[WARNING: A Java agent has been loaded dynamically (C:\Users\Admin\.gradle\caches\modules-2\files-2.1\net.bytebuddy\byte-buddy-agent\1.15.0\e32740c43acebaac9d55b86399ecf6a5df3c17fb\byte-buddy-agent-1.15.0.jar)
WARNING: If a serviceability tool is in use, please run with -XX:+EnableDynamicAgentLoading to hide this warning
WARNING: If a serviceability tool is not in use, please run with -Djdk.instrument.traceUsage for more information
WARNING: Dynamic loading of agents will be disallowed by default in a future release
]]></system-err>
</testsuite>
